deleted at : yyyy/MM/dd HH:mm:ss
account created at : 2020/08/21 01:53:40
username:a
password:a
body
MainMenu - 21/08/2020 01:53:43.696 - [graphics.ScreenController.activate] - [INFO]
buttonClicked:PlayButton - 21/08/2020 01:53:51.982 - [graphics.MainMenuController.playAction] - [INFO]
ChooseDeck - 21/08/2020 01:53:52.610 - [graphics.ScreenController.activate] - [INFO]
buttonClicked:Deck1 - 21/08/2020 01:53:54.113 - [graphics.ChooseDeckController.deck1Action] - [INFO]
defaultDeck:WarlockDeck - 21/08/2020 01:53:54.416 - [graphics.Mapper$RequestType$30.execute] - [INFO]
hand:[Bluegill-Warrior, Heavy-Axe, Dire-Mole] - 21/08/2020 01:53:54.418 - [graphics.Mapper$RequestType$30.execute] - [INFO]
buttonClicked:Deck2 - 21/08/2020 01:54:17.196 - [graphics.ChooseDeckController.deck2Action] - [INFO]
defaultDeck:Friend - 21/08/2020 01:54:17.340 - [graphics.Mapper$RequestType$30.execute] - [INFO]
hand:[Locusts, Locusts, Strength-in-Numbers] - 21/08/2020 01:54:17.341 - [graphics.Mapper$RequestType$30.execute] - [INFO]
ChoosePassives - 21/08/2020 01:54:42.021 - [graphics.ScreenController.activate] - [INFO]
buttonClicked:Play - 21/08/2020 01:54:42.023 - [graphics.ChooseDeckController.playAction] - [INFO]
ChoosePassives - 21/08/2020 01:54:42.366 - [graphics.ScreenController.activate] - [INFO]
ChooseCards - 21/08/2020 01:54:54.921 - [graphics.ScreenController.activate] - [INFO]
Battlefield - 21/08/2020 01:55:03.697 - [graphics.ScreenController.activate] - [INFO]
Battlefield - 21/08/2020 01:55:05.358 - [graphics.ScreenController.activate] - [INFO]
Battlefield - 21/08/2020 01:55:07.219 - [graphics.ScreenController.activate] - [INFO]
EnterCard - 21/08/2020 01:55:13.446 - [game.GameMapper$RequestType$3.execute] - [INFO]
DrawnCards:[Heavy-Axe] - 21/08/2020 01:55:13.447 - [game.GameMapper$RequestType$3.execute] - [INFO]
OnBattlefieldMinions:[] - 21/08/2020 01:55:13.447 - [game.GameMapper$RequestType$3.execute] - [INFO]
Battlefield - 21/08/2020 01:55:14.730 - [graphics.ScreenController.activate] - [INFO]
Battlefield - 21/08/2020 01:55:23.469 - [graphics.ScreenController.activate] - [INFO]
Battlefield - 21/08/2020 01:55:24.916 - [graphics.ScreenController.activate] - [INFO]
Battlefield - 21/08/2020 01:55:26.293 - [graphics.ScreenController.activate] - [INFO]
Battlefield - 21/08/2020 01:55:27.441 - [graphics.ScreenController.activate] - [INFO]
Battlefield - 21/08/2020 01:55:29.090 - [graphics.ScreenController.activate] - [INFO]
Battlefield - 21/08/2020 01:55:30.278 - [graphics.ScreenController.activate] - [INFO]
Battlefield - 21/08/2020 01:55:31.687 - [graphics.ScreenController.activate] - [INFO]
Battlefield - 21/08/2020 01:55:33.052 - [graphics.ScreenController.activate] - [INFO]
Battlefield - 21/08/2020 01:55:34.475 - [graphics.ScreenController.activate] - [INFO]
Battlefield - 21/08/2020 01:55:36.055 - [graphics.ScreenController.activate] - [INFO]
Battlefield - 21/08/2020 01:55:38.809 - [graphics.ScreenController.activate] - [INFO]
Battlefield - 21/08/2020 01:55:40.329 - [graphics.ScreenController.activate] - [INFO]
Battlefield - 21/08/2020 01:55:41.571 - [graphics.ScreenController.activate] - [INFO]
Battlefield - 21/08/2020 01:55:42.593 - [graphics.ScreenController.activate] - [INFO]
Battlefield - 21/08/2020 01:55:43.678 - [graphics.ScreenController.activate] - [INFO]
Battlefield - 21/08/2020 01:55:44.742 - [graphics.ScreenController.activate] - [INFO]
Battlefield - 21/08/2020 01:55:45.835 - [graphics.ScreenController.activate] - [INFO]
Battlefield - 21/08/2020 01:55:46.872 - [graphics.ScreenController.activate] - [INFO]
Battlefield - 21/08/2020 01:55:48.091 - [graphics.ScreenController.activate] - [INFO]
Battlefield - 21/08/2020 01:55:50.279 - [graphics.ScreenController.activate] - [INFO]
Battlefield - 21/08/2020 01:55:51.899 - [graphics.ScreenController.activate] - [INFO]
CurrentMana:1 - 21/08/2020 01:55:51.899 - [game.GameMapper$RequestType$2.execute] - [INFO]
MaxMana:2 - 21/08/2020 01:55:51.900 - [game.GameMapper$RequestType$2.execute] - [INFO]
ChoosePassives - 21/08/2020 01:55:52.121 - [graphics.ScreenController.activate] - [INFO]
EndTurn - 21/08/2020 01:55:52.122 - [game.GameMapper$RequestType$2.execute] - [INFO]
DrawnCards:[] - 21/08/2020 01:55:52.122 - [game.GameMapper$RequestType$2.execute] - [INFO]
OnBattlefieldMinions:[] - 21/08/2020 01:55:52.122 - [game.GameMapper$RequestType$2.execute] - [INFO]
RemainedCards:3 - 21/08/2020 01:55:52.122 - [game.GameMapper$RequestType$2.execute] - [INFO]
Battlefield - 21/08/2020 01:55:53.750 - [graphics.ScreenController.activate] - [INFO]
EnterCard - 21/08/2020 01:56:04.909 - [game.GameMapper$RequestType$3.execute] - [INFO]
DrawnCards:[Locusts] - 21/08/2020 01:56:04.909 - [game.GameMapper$RequestType$3.execute] - [INFO]
OnBattlefieldMinions:[Locusts] - 21/08/2020 01:56:04.910 - [game.GameMapper$RequestType$3.execute] - [INFO]
Battlefield - 21/08/2020 01:56:06.779 - [graphics.ScreenController.activate] - [INFO]
CurrentMana:0 - 21/08/2020 01:56:09.356 - [game.GameMapper$RequestType$2.execute] - [INFO]
MaxMana:1 - 21/08/2020 01:56:09.357 - [game.GameMapper$RequestType$2.execute] - [INFO]
Battlefield - 21/08/2020 01:56:10.724 - [graphics.ScreenController.activate] - [INFO]
EndTurn - 21/08/2020 01:56:10.725 - [game.GameMapper$RequestType$2.execute] - [INFO]
DrawnCards:[Heavy-Axe] - 21/08/2020 01:56:10.725 - [game.GameMapper$RequestType$2.execute] - [INFO]
OnBattlefieldMinions:[] - 21/08/2020 01:56:10.726 - [game.GameMapper$RequestType$2.execute] - [INFO]
RemainedCards:14 - 21/08/2020 01:56:10.726 - [game.GameMapper$RequestType$2.execute] - [INFO]
EndTurn - 21/08/2020 01:56:10.726 - [graphics.BattlefieldController.endRurnAction] - [INFO]
Battlefield - 21/08/2020 01:56:12.725 - [graphics.ScreenController.activate] - [INFO]
Battlefield - 21/08/2020 01:56:21.334 - [graphics.ScreenController.activate] - [INFO]
Battlefield - 21/08/2020 01:56:22.882 - [graphics.ScreenController.activate] - [INFO]
CurrentMana:3 - 21/08/2020 01:56:26.320 - [game.GameMapper$RequestType$2.execute] - [INFO]
MaxMana:3 - 21/08/2020 01:56:26.320 - [game.GameMapper$RequestType$2.execute] - [INFO]
EndTurn - 21/08/2020 01:56:26.320 - [game.GameMapper$RequestType$2.execute] - [INFO]
DrawnCards:[Locusts] - 21/08/2020 01:56:26.321 - [game.GameMapper$RequestType$2.execute] - [INFO]
OnBattlefieldMinions:[] - 21/08/2020 01:56:26.321 - [game.GameMapper$RequestType$2.execute] - [INFO]
RemainedCards:2 - 21/08/2020 01:56:26.323 - [game.GameMapper$RequestType$2.execute] - [INFO]
EndTurn - 21/08/2020 01:56:26.323 - [graphics.BattlefieldController.endRurnAction] - [INFO]
Battlefield - 21/08/2020 01:56:28.098 - [graphics.ScreenController.activate] - [INFO]
CurrentMana:2 - 21/08/2020 01:56:31.404 - [game.GameMapper$RequestType$2.execute] - [INFO]
MaxMana:2 - 21/08/2020 01:56:31.406 - [game.GameMapper$RequestType$2.execute] - [INFO]
Battlefield - 21/08/2020 01:56:33.019 - [graphics.ScreenController.activate] - [INFO]
EndTurn - 21/08/2020 01:56:33.019 - [game.GameMapper$RequestType$2.execute] - [INFO]
DrawnCards:[Heavy-Axe] - 21/08/2020 01:56:33.020 - [game.GameMapper$RequestType$2.execute] - [INFO]
OnBattlefieldMinions:[] - 21/08/2020 01:56:33.020 - [game.GameMapper$RequestType$2.execute] - [INFO]
RemainedCards:13 - 21/08/2020 01:56:33.020 - [game.GameMapper$RequestType$2.execute] - [INFO]
EndTurn - 21/08/2020 01:56:33.021 - [graphics.BattlefieldController.endRurnAction] - [INFO]
Battlefield - 21/08/2020 01:56:34.891 - [graphics.ScreenController.activate] - [INFO]
CurrentMana:4 - 21/08/2020 01:56:43.918 - [game.GameMapper$RequestType$2.execute] - [INFO]
MaxMana:4 - 21/08/2020 01:56:43.919 - [game.GameMapper$RequestType$2.execute] - [INFO]
EndTurn - 21/08/2020 01:56:43.919 - [game.GameMapper$RequestType$2.execute] - [INFO]
DrawnCards:[Locusts] - 21/08/2020 01:56:43.921 - [game.GameMapper$RequestType$2.execute] - [INFO]
OnBattlefieldMinions:[] - 21/08/2020 01:56:43.921 - [game.GameMapper$RequestType$2.execute] - [INFO]
RemainedCards:1 - 21/08/2020 01:56:43.921 - [game.GameMapper$RequestType$2.execute] - [INFO]
EndTurn - 21/08/2020 01:56:43.921 - [graphics.BattlefieldController.endRurnAction] - [INFO]
Battlefield - 21/08/2020 01:56:46.087 - [graphics.ScreenController.activate] - [INFO]
EnterCard - 21/08/2020 01:56:48.385 - [game.GameMapper$RequestType$3.execute] - [INFO]
DrawnCards:[Locusts, Locusts] - 21/08/2020 01:56:48.387 - [game.GameMapper$RequestType$3.execute] - [INFO]
OnBattlefieldMinions:[Locusts] - 21/08/2020 01:56:48.389 - [game.GameMapper$RequestType$3.execute] - [INFO]
Battlefield - 21/08/2020 01:56:50.521 - [graphics.ScreenController.activate] - [INFO]
EnterCard - 21/08/2020 01:56:54.631 - [game.GameMapper$RequestType$3.execute] - [INFO]
DrawnCards:[Locusts, Locusts, Locusts] - 21/08/2020 01:56:54.631 - [game.GameMapper$RequestType$3.execute] - [INFO]
OnBattlefieldMinions:[Locusts, Locusts] - 21/08/2020 01:56:54.632 - [game.GameMapper$RequestType$3.execute] - [INFO]
Battlefield - 21/08/2020 01:56:56.552 - [graphics.ScreenController.activate] - [INFO]
CurrentMana:1 - 21/08/2020 01:57:01.507 - [game.GameMapper$RequestType$2.execute] - [INFO]
MaxMana:3 - 21/08/2020 01:57:01.508 - [game.GameMapper$RequestType$2.execute] - [INFO]
Battlefield - 21/08/2020 01:57:03.892 - [graphics.ScreenController.activate] - [INFO]
EndTurn - 21/08/2020 01:57:03.893 - [game.GameMapper$RequestType$2.execute] - [INFO]
DrawnCards:[Heavy-Axe] - 21/08/2020 01:57:03.893 - [game.GameMapper$RequestType$2.execute] - [INFO]
OnBattlefieldMinions:[] - 21/08/2020 01:57:03.894 - [game.GameMapper$RequestType$2.execute] - [INFO]
RemainedCards:12 - 21/08/2020 01:57:03.894 - [game.GameMapper$RequestType$2.execute] - [INFO]
EndTurn - 21/08/2020 01:57:03.894 - [graphics.BattlefieldController.endRurnAction] - [INFO]
Battlefield - 21/08/2020 01:57:06.800 - [graphics.ScreenController.activate] - [INFO]
CurrentMana:5 - 21/08/2020 01:57:10.217 - [game.GameMapper$RequestType$2.execute] - [INFO]
MaxMana:5 - 21/08/2020 01:57:10.217 - [game.GameMapper$RequestType$2.execute] - [INFO]
EndTurn - 21/08/2020 01:57:10.218 - [game.GameMapper$RequestType$2.execute] - [INFO]
DrawnCards:[Locusts, Locusts, Locusts] - 21/08/2020 01:57:10.218 - [game.GameMapper$RequestType$2.execute] - [INFO]
OnBattlefieldMinions:[Locusts, Locusts] - 21/08/2020 01:57:10.219 - [game.GameMapper$RequestType$2.execute] - [INFO]
RemainedCards:0 - 21/08/2020 01:57:10.221 - [game.GameMapper$RequestType$2.execute] - [INFO]
EndTurn - 21/08/2020 01:57:10.221 - [graphics.BattlefieldController.endRurnAction] - [INFO]
Battlefield - 21/08/2020 01:57:12.570 - [graphics.ScreenController.activate] - [INFO]
EnterCard - 21/08/2020 01:57:19.077 - [game.GameMapper$RequestType$3.execute] - [INFO]
DrawnCards:[Locusts, Locusts, Locusts] - 21/08/2020 01:57:19.078 - [game.GameMapper$RequestType$3.execute] - [INFO]
OnBattlefieldMinions:[Locusts, Locusts] - 21/08/2020 01:57:19.078 - [game.GameMapper$RequestType$3.execute] - [INFO]
Battlefield - 21/08/2020 01:57:21.420 - [graphics.ScreenController.activate] - [INFO]
CurrentMana:4 - 21/08/2020 01:57:23.583 - [game.GameMapper$RequestType$2.execute] - [INFO]
MaxMana:4 - 21/08/2020 01:57:23.583 - [game.GameMapper$RequestType$2.execute] - [INFO]
Battlefield - 21/08/2020 01:57:26.317 - [graphics.ScreenController.activate] - [INFO]
EndTurn - 21/08/2020 01:57:26.318 - [game.GameMapper$RequestType$2.execute] - [INFO]
DrawnCards:[Heavy-Axe] - 21/08/2020 01:57:26.318 - [game.GameMapper$RequestType$2.execute] - [INFO]
OnBattlefieldMinions:[] - 21/08/2020 01:57:26.318 - [game.GameMapper$RequestType$2.execute] - [INFO]
RemainedCards:11 - 21/08/2020 01:57:26.318 - [game.GameMapper$RequestType$2.execute] - [INFO]
EndTurn - 21/08/2020 01:57:26.319 - [graphics.BattlefieldController.endRurnAction] - [INFO]
Battlefield - 21/08/2020 01:57:29.481 - [graphics.ScreenController.activate] - [INFO]
EnterCard - 21/08/2020 01:57:32.520 - [game.GameMapper$RequestType$3.execute] - [INFO]
DrawnCards:[Heavy-Axe, Locusts] - 21/08/2020 01:57:32.521 - [game.GameMapper$RequestType$3.execute] - [INFO]
OnBattlefieldMinions:[Locusts] - 21/08/2020 01:57:32.521 - [game.GameMapper$RequestType$3.execute] - [INFO]
Battlefield - 21/08/2020 01:57:35.445 - [graphics.ScreenController.activate] - [INFO]
Battlefield - 21/08/2020 01:57:43.299 - [graphics.ScreenController.activate] - [INFO]
CurrentMana:5 - 21/08/2020 01:57:46.157 - [game.GameMapper$RequestType$2.execute] - [INFO]
MaxMana:6 - 21/08/2020 01:57:46.157 - [game.GameMapper$RequestType$2.execute] - [INFO]
EndTurn - 21/08/2020 01:57:46.158 - [game.GameMapper$RequestType$2.execute] - [INFO]
DrawnCards:[Locusts, Locusts, Locusts] - 21/08/2020 01:57:46.158 - [game.GameMapper$RequestType$2.execute] - [INFO]
OnBattlefieldMinions:[Locusts, Locusts] - 21/08/2020 01:57:46.158 - [game.GameMapper$RequestType$2.execute] - [INFO]
RemainedCards:0 - 21/08/2020 01:57:46.159 - [game.GameMapper$RequestType$2.execute] - [INFO]
EndTurn - 21/08/2020 01:57:46.159 - [graphics.BattlefieldController.endRurnAction] - [INFO]
Battlefield - 21/08/2020 01:57:48.782 - [graphics.ScreenController.activate] - [INFO]
EnterCard - 21/08/2020 01:57:51.816 - [game.GameMapper$RequestType$3.execute] - [INFO]
DrawnCards:[Locusts, Locusts, Locusts, Abomination] - 21/08/2020 01:57:51.816 - [game.GameMapper$RequestType$3.execute] - [INFO]
OnBattlefieldMinions:[Locusts, Locusts, Abomination] - 21/08/2020 01:57:51.816 - [game.GameMapper$RequestType$3.execute] - [INFO]
Battlefield - 21/08/2020 01:57:54.123 - [graphics.ScreenController.activate] - [INFO]
CurrentMana:0 - 21/08/2020 01:58:00.116 - [game.GameMapper$RequestType$2.execute] - [INFO]
MaxMana:5 - 21/08/2020 01:58:00.117 - [game.GameMapper$RequestType$2.execute] - [INFO]
Battlefield - 21/08/2020 01:58:03.321 - [graphics.ScreenController.activate] - [INFO]
EndTurn - 21/08/2020 01:58:03.322 - [game.GameMapper$RequestType$2.execute] - [INFO]
DrawnCards:[Heavy-Axe, Locusts] - 21/08/2020 01:58:03.322 - [game.GameMapper$RequestType$2.execute] - [INFO]
OnBattlefieldMinions:[Locusts] - 21/08/2020 01:58:03.322 - [game.GameMapper$RequestType$2.execute] - [INFO]
RemainedCards:10 - 21/08/2020 01:58:03.323 - [game.GameMapper$RequestType$2.execute] - [INFO]
EndTurn - 21/08/2020 01:58:03.323 - [graphics.BattlefieldController.endRurnAction] - [INFO]
Battlefield - 21/08/2020 01:58:06.751 - [graphics.ScreenController.activate] - [INFO]
Battlefield - 21/08/2020 01:58:12.899 - [graphics.ScreenController.activate] - [INFO]
Battlefield - 21/08/2020 01:58:18.400 - [graphics.ScreenController.activate] - [INFO]
BoldImage2 - 21/08/2020 01:58:19.611 - [graphics.ScreenController.activate] - [INFO]
Battlefield - 21/08/2020 01:58:24.808 - [graphics.ScreenController.activate] - [INFO]
Battlefield - 21/08/2020 01:58:29.196 - [graphics.ScreenController.activate] - [INFO]
Battlefield - 21/08/2020 01:58:31.867 - [graphics.ScreenController.activate] - [INFO]
EnterCard - 21/08/2020 01:58:40.405 - [game.GameMapper$RequestType$3.execute] - [INFO]
DrawnCards:[Heavy-Axe, Locusts, Dire-Mole] - 21/08/2020 01:58:40.406 - [game.GameMapper$RequestType$3.execute] - [INFO]
OnBattlefieldMinions:[Dire-Mole] - 21/08/2020 01:58:40.406 - [game.GameMapper$RequestType$3.execute] - [INFO]
Battlefield - 21/08/2020 01:58:43.574 - [graphics.ScreenController.activate] - [INFO]
Battlefield - 21/08/2020 01:58:46.836 - [graphics.ScreenController.activate] - [INFO]
Battlefield - 21/08/2020 01:58:50.067 - [graphics.ScreenController.activate] - [INFO]
Battlefield - 21/08/2020 01:58:53.241 - [graphics.ScreenController.activate] - [INFO]
Battlefield - 21/08/2020 01:58:56.269 - [graphics.ScreenController.activate] - [INFO]
Battlefield - 21/08/2020 01:58:59.350 - [graphics.ScreenController.activate] - [INFO]
Battlefield - 21/08/2020 01:59:02.849 - [graphics.ScreenController.activate] - [INFO]
Battlefield - 21/08/2020 01:59:06.013 - [graphics.ScreenController.activate] - [INFO]
Battlefield - 21/08/2020 01:59:09.146 - [graphics.ScreenController.activate] - [INFO]
Battlefield - 21/08/2020 01:59:12.290 - [graphics.ScreenController.activate] - [INFO]
Battlefield - 21/08/2020 01:59:15.657 - [graphics.ScreenController.activate] - [INFO]
Battlefield - 21/08/2020 01:59:18.438 - [graphics.ScreenController.activate] - [INFO]
Battlefield - 21/08/2020 01:59:21.512 - [graphics.ScreenController.activate] - [INFO]
Battlefield - 21/08/2020 01:59:24.701 - [graphics.ScreenController.activate] - [INFO]
Battlefield - 21/08/2020 01:59:28.030 - [graphics.ScreenController.activate] - [INFO]
Battlefield - 21/08/2020 01:59:30.927 - [graphics.ScreenController.activate] - [INFO]
Battlefield - 21/08/2020 01:59:34.118 - [graphics.ScreenController.activate] - [INFO]
Battlefield - 21/08/2020 01:59:36.632 - [graphics.ScreenController.activate] - [INFO]
Battlefield - 21/08/2020 01:59:40.427 - [graphics.ScreenController.activate] - [INFO]
Battlefield - 21/08/2020 01:59:43.442 - [graphics.ScreenController.activate] - [INFO]
Battlefield - 21/08/2020 01:59:47.132 - [graphics.ScreenController.activate] - [INFO]
--------------------------------------------------------------------------------------------- - 21/08/2020 02:00:16.487 - [game.LoggerCreator.<init>] - [INFO]
sign-in: username:a password:a - 21/08/2020 02:00:16.548 - [UserEntrance.UserIntrance.getInput] - [INFO]
--------------------------------------------------------------------------------------------- - 21/08/2020 02:00:16.557 - [game.LoggerCreator.<init>] - [INFO]
sign-in: username:a password:a - 21/08/2020 02:00:16.558 - [UserEntrance.UserIntrance.getInput] - [INFO]
--------------------------------------------------------------------------------------------- - 21/08/2020 02:00:23.774 - [game.LoggerCreator.<init>] - [INFO]
--------------------------------------------------------------------------------------------- - 21/08/2020 02:00:25.060 - [game.LoggerCreator.<init>] - [INFO]
MainMenu - 21/08/2020 02:00:29.409 - [graphics.ScreenController.activate] - [INFO]
Status - 21/08/2020 02:00:33.591 - [graphics.ScreenController.activate] - [INFO]
buttonClicked:StatusButton - 21/08/2020 02:00:33.592 - [graphics.MainMenuController.statusAction] - [INFO]
Status - 21/08/2020 02:00:34.252 - [graphics.ScreenController.activate] - [INFO]
buttonClicked:Deck1 - 21/08/2020 02:00:42.775 - [graphics.StatusController.deck_1_Action] - [INFO]
DisplayDeck:MageDeck - 21/08/2020 02:00:42.776 - [graphics.Mapper.setSpecifiedDecksIndex] - [INFO]
Status2 - 21/08/2020 02:00:43.196 - [graphics.ScreenController.activate] - [INFO]
